<?xml version="1.0" encoding="UTF-8"?>
<testng-results skipped="0" failed="1" ignored="0" total="5" passed="4">
  <reporter-output>
  </reporter-output>
  <suite name="Default suite" duration-ms="19091" started-at="2018-12-30T21:07:48Z" finished-at="2018-12-30T21:08:07Z">
    <groups>
    </groups>
    <test name="Default test" duration-ms="19091" started-at="2018-12-30T21:07:48Z" finished-at="2018-12-30T21:08:07Z">
      <class name="testcases.CycleOne">
        <test-method status="PASS" signature="beforeMethod()[pri:0, instance:testcases.CycleOne@ae45eb6]" name="beforeMethod" is-config="true" duration-ms="16032" started-at="2018-12-30T21:07:48Z" finished-at="2018-12-30T21:08:04Z">
          <reporter-output>
          </reporter-output>
        </test-method> <!-- beforeMethod -->
        <test-method status="FAIL" signature="VerifyTypesofTeaOnWecomPage()[pri:1, instance:testcases.CycleOne@ae45eb6]" name="VerifyTypesofTeaOnWecomPage" duration-ms="387" started-at="2018-12-30T21:08:04Z" finished-at="2018-12-30T21:08:04Z">
          <exception class="java.lang.AssertionError">
            <message>
              <![CDATA[expected [Flavored Tea] but found [Flavoured Tea]]]>
            </message>
            <full-stacktrace>
              <![CDATA[java.lang.AssertionError: expected [Flavored Tea] but found [Flavoured Tea]
at org.testng.Assert.fail(Assert.java:96)
at org.testng.Assert.failNotEquals(Assert.java:776)
at org.testng.Assert.assertEqualsImpl(Assert.java:137)
at org.testng.Assert.assertEquals(Assert.java:118)
at org.testng.Assert.assertEquals(Assert.java:453)
at org.testng.Assert.assertEquals(Assert.java:463)
at testcases.CycleOne.VerifyTypesofTeaOnWecomPage(CycleOne.java:32)
at sun.reflect.NativeMethodAccessorImpl.invoke0(Native Method)
at sun.reflect.NativeMethodAccessorImpl.invoke(NativeMethodAccessorImpl.java:62)
at sun.reflect.DelegatingMethodAccessorImpl.invoke(DelegatingMethodAccessorImpl.java:43)
at java.lang.reflect.Method.invoke(Method.java:498)
at org.testng.internal.MethodInvocationHelper.invokeMethod(MethodInvocationHelper.java:124)
at org.testng.internal.Invoker.invokeMethod(Invoker.java:583)
at org.testng.internal.Invoker.invokeTestMethod(Invoker.java:719)
at org.testng.internal.Invoker.invokeTestMethods(Invoker.java:989)
at org.testng.internal.TestMethodWorker.invokeTestMethods(TestMethodWorker.java:125)
at org.testng.internal.TestMethodWorker.run(TestMethodWorker.java:109)
at org.testng.TestRunner.privateRun(TestRunner.java:648)
at org.testng.TestRunner.run(TestRunner.java:505)
at org.testng.SuiteRunner.runTest(SuiteRunner.java:455)
at org.testng.SuiteRunner.runSequentially(SuiteRunner.java:450)
at org.testng.SuiteRunner.privateRun(SuiteRunner.java:415)
at org.testng.SuiteRunner.run(SuiteRunner.java:364)
at org.testng.SuiteRunnerWorker.runSuite(SuiteRunnerWorker.java:52)
at org.testng.SuiteRunnerWorker.run(SuiteRunnerWorker.java:84)
at org.testng.TestNG.runSuitesSequentially(TestNG.java:1208)
at org.testng.TestNG.runSuitesLocally(TestNG.java:1137)
at org.testng.TestNG.runSuites(TestNG.java:1049)
at org.testng.TestNG.run(TestNG.java:1017)
at org.testng.remote.AbstractRemoteTestNG.run(AbstractRemoteTestNG.java:114)
at org.testng.remote.RemoteTestNG.initAndRun(RemoteTestNG.java:251)
at org.testng.remote.RemoteTestNG.main(RemoteTestNG.java:77)
]]>
            </full-stacktrace>
          </exception> <!-- java.lang.AssertionError -->
          <reporter-output>
          </reporter-output>
        </test-method> <!-- VerifyTypesofTeaOnWecomPage -->
        <test-method status="PASS" signature="VerifyWelcomPage()[pri:2, instance:testcases.CycleOne@ae45eb6]" name="VerifyWelcomPage" duration-ms="50" started-at="2018-12-30T21:08:04Z" finished-at="2018-12-30T21:08:04Z">
          <reporter-output>
          </reporter-output>
        </test-method> <!-- VerifyWelcomPage -->
        <test-method status="PASS" signature="VerfyCheckoutButton()[pri:3, instance:testcases.CycleOne@ae45eb6]" name="VerfyCheckoutButton" duration-ms="747" started-at="2018-12-30T21:08:04Z" finished-at="2018-12-30T21:08:05Z">
          <reporter-output>
          </reporter-output>
        </test-method> <!-- VerfyCheckoutButton -->
        <test-method status="PASS" signature="VerifyCheckoutButtonCount()[pri:4, instance:testcases.CycleOne@ae45eb6]" name="VerifyCheckoutButtonCount" duration-ms="198" started-at="2018-12-30T21:08:05Z" finished-at="2018-12-30T21:08:05Z">
          <reporter-output>
          </reporter-output>
        </test-method> <!-- VerifyCheckoutButtonCount -->
        <test-method status="PASS" signature="verifyTypesOfTeaOnMenuPage()[pri:5, instance:testcases.CycleOne@ae45eb6]" name="verifyTypesOfTeaOnMenuPage" duration-ms="348" started-at="2018-12-30T21:08:05Z" finished-at="2018-12-30T21:08:05Z">
          <reporter-output>
          </reporter-output>
        </test-method> <!-- verifyTypesOfTeaOnMenuPage -->
        <test-method status="PASS" signature="afterMethod()[pri:0, instance:testcases.CycleOne@ae45eb6]" name="afterMethod" is-config="true" duration-ms="1280" started-at="2018-12-30T21:08:05Z" finished-at="2018-12-30T21:08:07Z">
          <reporter-output>
          </reporter-output>
        </test-method> <!-- afterMethod -->
      </class> <!-- testcases.CycleOne -->
    </test> <!-- Default test -->
  </suite> <!-- Default suite -->
</testng-results>
